#
# A fatal error has been detected by the Java Runtime Environment:
#
#  EXCEPTION_IN_PAGE_ERROR (0xc0000006) at pc=0x00007ff91847133c, pid=2752, tid=12464
#
# JRE version: OpenJDK Runtime Environment (15.0.1+9) (build 15.0.1+9-18)
# Java VM: OpenJDK 64-Bit Server VM (15.0.1+9-18, mixed mode, tiered, compressed oops, g1 gc, windows-amd64)
# Problematic frame:
# C  [jimage.dll+0x133c]
#
# No core dump will be written. Minidumps are not enabled by default on client versions of Windows
#
# If you would like to submit a bug report, please visit:
#   https://bugreport.java.com/bugreport/crash.jsp
#

---------------  S U M M A R Y ------------

Command Line: -Dcom.sun.management.jmxremote -Dcom.sun.management.jmxremote.port=55462 -Dcom.sun.management.jmxremote.authenticate=false -Dcom.sun.management.jmxremote.ssl=false -Djava.rmi.server.hostname=localhost -Dspring.jmx.enabled=true -Dspring.application.admin.enabled=true -XX:TieredStopAtLevel=1 -Dspring.boot.project.name=MusicApplication -Dfile.encoding=UTF-8 -XX:+ShowCodeDetailsInExceptionMessages com.mindtree.music.MusicApplication --spring.output.ansi.enabled=always

Host: Intel(R) Core(TM) i5-8250U CPU @ 1.60GHz, 8 cores, 7G,  Windows 10 , 64 bit Build 19041 (10.0.19041.804)
Time: Mon Mar  8 13:57:36 2021 India Standard Time elapsed time: 2.129991 seconds (0d 0h 0m 2s)

---------------  T H R E A D  ---------------

Current thread (0x00000248c2224ee0):  JavaThread "main" [_thread_in_vm, id=12464, stack(0x0000009582a00000,0x0000009582b00000)]

Stack: [0x0000009582a00000,0x0000009582b00000],  sp=0x0000009582afdda0,  free space=1015k
Native frames: (J=compiled Java code, j=interpreted, Vv=VM code, C=native code)
C  [jimage.dll+0x133c]
C  [jimage.dll+0x1ed3]
C  [jimage.dll+0x1f6a]
C  [jimage.dll+0x26a2]
V  [jvm.dll+0x1c6797]
V  [jvm.dll+0x1c5580]
V  [jvm.dll+0x706143]
V  [jvm.dll+0x707b08]
V  [jvm.dll+0x707e03]
V  [jvm.dll+0x20f044]
V  [jvm.dll+0x20f2d2]
V  [jvm.dll+0x51f758]
V  [jvm.dll+0x522550]
V  [jvm.dll+0x34d760]
V  [jvm.dll+0x34cd9f]
C  0x00000248c5c4da4e

Java frames: (J=compiled Java code, j=interpreted, Vv=VM code)
j  sun.management.ManagementFactoryHelper.getMemoryManagerMXBeans()Ljava/util/List;+0 java.management@15.0.1
j  java.lang.management.DefaultPlatformMBeanProvider$5.nameToMBeanMap()Ljava/util/Map;+0 java.management@15.0.1
j  java.lang.management.ManagementFactory.lambda$getPlatformMBeanServer$0(Lsun/management/spi/PlatformMBeanProvider$PlatformComponent;)Ljava/util/stream/Stream;+1 java.management@15.0.1
j  java.lang.management.ManagementFactory$$Lambda$29+0x00000001000a92e0.apply(Ljava/lang/Object;)Ljava/lang/Object;+4 java.management@15.0.1
j  java.util.stream.ReferencePipeline$7$1.accept(Ljava/lang/Object;)V+8 java.base@15.0.1
j  java.util.stream.ReferencePipeline$2$1.accept(Ljava/lang/Object;)V+21 java.base@15.0.1
j  java.util.HashMap$ValueSpliterator.forEachRemaining(Ljava/util/function/Consumer;)V+145 java.base@15.0.1
j  java.util.stream.AbstractPipeline.copyInto(Ljava/util/stream/Sink;Ljava/util/Spliterator;)V+32 java.base@15.0.1
j  java.util.stream.AbstractPipeline.wrapAndCopyInto(Ljava/util/stream/Sink;Ljava/util/Spliterator;)Ljava/util/stream/Sink;+13 java.base@15.0.1
j  java.util.stream.ForEachOps$ForEachOp.evaluateSequential(Ljava/util/stream/PipelineHelper;Ljava/util/Spliterator;)Ljava/lang/Void;+3 java.base@15.0.1
j  java.util.stream.ForEachOps$ForEachOp$OfRef.evaluateSequential(Ljava/util/stream/PipelineHelper;Ljava/util/Spliterator;)Ljava/lang/Object;+3 java.base@15.0.1
j  java.util.stream.AbstractPipeline.evaluate(Ljava/util/stream/TerminalOp;)Ljava/lang/Object;+88 java.base@15.0.1
j  java.util.stream.ReferencePipeline.forEach(Ljava/util/function/Consumer;)V+6 java.base@15.0.1
j  java.lang.management.ManagementFactory.getPlatformMBeanServer()Ljavax/management/MBeanServer;+68 java.management@15.0.1
j  sun.management.jmxremote.ConnectorBootstrap.startRemoteConnectorServer(Ljava/lang/String;Ljava/util/Properties;)Ljavax/management/remote/JMXConnectorServer;+579 jdk.management.agent@15.0.1
j  jdk.internal.agent.Agent.startAgent(Ljava/util/Properties;)V+48 jdk.management.agent@15.0.1
j  jdk.internal.agent.Agent.startAgent()V+20 jdk.management.agent@15.0.1
v  ~StubRoutines::call_stub

siginfo: EXCEPTION_IN_PAGE_ERROR (0xc0000006), reading address 0x00000248c4e157f7


Register to memory mapping:

RIP=0x00007ff91847133c jimage.dll
RAX=0x0000a8cd05a2cd59 is an unknown value
RBX=0x00000248c4e157f5 is an unknown value
RCX=0x00000248c4e157f5 is an unknown value
RDX=0x00000248dd43d1b0 points into unknown readable memory: 0x00000000ffffffff | ff ff ff ff 00 00 00 00
RSP=0x0000009582afdda0 is pointing into the stack for thread: 0x00000248c2224ee0
RBP=0x0000009582afde70 is pointing into the stack for thread: 0x00000248c2224ee0
RSI=0x00000248c4e157f5 is an unknown value
RDI=0x00000248c4e157f5 is an unknown value
R8 =0x0000000000001211 is an unknown value
R9 =0x0000009582afde70 is pointing into the stack for thread: 0x00000248c2224ee0
R10=0x00000248c2368042 points into unknown readable memory: 00 09 03 29 12 07
R11=0x0 is NULL
R12=0x0000000000001211 is an unknown value
R13=0x00000248c2225400 points into unknown readable memory: 0x6e616d2e6176616a | 6a 61 76 61 2e 6d 61 6e
R14=0x00000248dd43d1b0 points into unknown readable memory: 0x00000000ffffffff | ff ff ff ff 00 00 00 00
R15=0x00000248dd43d1b0 points into unknown readable memory: 0x00000000ffffffff | ff ff ff ff 00 00 00 00


Registers:
RAX=0x0000a8cd05a2cd59, RBX=0x00000248c4e157f5, RCX=0x00000248c4e157f5, RDX=0x00000248dd43d1b0
RSP=0x0000009582afdda0, RBP=0x0000009582afde70, RSI=0x00000248c4e157f5, RDI=0x00000248c4e157f5
R8 =0x0000000000001211, R9 =0x0000009582afde70, R10=0x00000248c2368042, R11=0x0000000000000000
R12=0x0000000000001211, R13=0x00000248c2225400, R14=0x00000248dd43d1b0, R15=0x00000248dd43d1b0
RIP=0x00007ff91847133c, EFLAGS=0x0000000000010206

Top of Stack: (sp=0x0000009582afdda0)
0x0000009582afdda0:   0000000000000100 0000009582afdf90
0x0000009582afddb0:   0000000000000000 00007ff8ebffd970
0x0000009582afddc0:   0000000000000000 00007ff8ebfa7eaa
0x0000009582afddd0:   0000009582afde98 000000000000001f
0x0000009582afdde0:   00000248c22253e0 0000000000000028
0x0000009582afddf0:   000000008d589734 0000a8cd05a2cd59
0x0000009582afde00:   0000000000001211 00000248dd43d1b0
0x0000009582afde10:   00000248c22253b0 00000248c011c630
0x0000009582afde20:   000000000297d19b 0000000000000831
0x0000009582afde30:   00000248c4e157f5 00007ff918471ed3
0x0000009582afde40:   00000248dd498230 000000000000001f
0x0000009582afde50:   0000000000000000 0000000000000000
0x0000009582afde60:   00007ff918476000 00007ff91d1e065d
0x0000009582afde70:   00000248c23e530d 00000000000b334d
0x0000009582afde80:   00000000000392af 0000000000000000
0x0000009582afde90:   00000248c011c630 00007ff918471f6a 

Instructions: (pc=0x00007ff91847133c)
0x00007ff91847123c:   89 0a c3 cc 48 8d 05 b9 4d 00 00 84 c9 74 07 48
0x00007ff91847124c:   8d 05 b6 4d 00 00 c3 cc 0f b6 01 0f b6 49 01 66
0x00007ff91847125c:   c1 e0 08 66 0b c1 c3 cc 0f b7 c2 88 51 01 66 c1
0x00007ff91847126c:   e8 08 88 01 c3 cc cc cc 48 89 5c 24 08 4c 8b 09
0x00007ff91847127c:   4c 8b d9 41 b8 04 00 00 00 41 0f b6 01 84 c0 79
0x00007ff91847128c:   4e 44 0f be c0 24 1f 41 c1 f8 05 41 83 e0 03 0f
0x00007ff91847129c:   b6 d0 41 83 f8 01 74 57 42 8d 0c c5 f8 ff ff ff
0x00007ff9184712ac:   41 8b d8 d3 e2 48 83 fb 01 76 44 41 ba 01 00 00
0x00007ff9184712bc:   00 42 8d 0c c5 f0 ff ff ff 43 0f b6 04 11 49 ff
0x00007ff9184712cc:   c2 d3 e0 83 e9 08 0b d0 4c 3b d3 7c ec eb 20 41
0x00007ff9184712dc:   0f b6 49 02 8b d0 41 0f b6 41 01 c1 e2 08 0b d0
0x00007ff9184712ec:   c1 e2 08 0b d1 41 0f b6 49 03 c1 e2 08 0b d1 48
0x00007ff9184712fc:   8b 5c 24 08 8b c2 41 8b c8 49 03 c9 49 89 0b c3
0x00007ff91847130c:   40 53 55 56 57 41 54 41 56 41 57 48 83 ec 60 48
0x00007ff91847131c:   8b 05 16 4d 00 00 48 33 c4 48 89 44 24 58 49 8b
0x00007ff91847132c:   e9 4d 8b e0 4c 8b fa 48 8b f1 48 8b d9 48 8b f9
0x00007ff91847133c:   0f b6 47 02 44 0f b6 47 03 41 c1 e0 08 44 0b c0
0x00007ff91847134c:   0f b6 47 01 41 c1 e0 08 44 0b c0 0f b6 07 41 c1
0x00007ff91847135c:   e0 08 44 0b c0 44 89 44 24 30 0f b6 47 0a 0f b6
0x00007ff91847136c:   57 0b 0f b6 4f 07 48 c1 e2 08 48 0b d0 c1 e1 08
0x00007ff91847137c:   0f b6 47 09 48 c1 e2 08 48 0b d0 0f b6 47 08 48
0x00007ff91847138c:   c1 e2 08 48 0b d0 0f b6 47 06 0b c8 48 c1 e2 20
0x00007ff91847139c:   0f b6 47 05 c1 e1 08 0b c1 c1 e0 08 48 98 48 0b
0x00007ff9184713ac:   d0 0f b6 47 04 48 0b d0 48 89 54 24 38 0f b6 47
0x00007ff9184713bc:   12 44 0f b6 4f 13 0f b6 4f 0f c1 e1 08 49 c1 e1
0x00007ff9184713cc:   08 4c 0b c8 0f b6 47 11 49 c1 e1 08 4c 0b c8 0f
0x00007ff9184713dc:   b6 47 10 49 c1 e1 08 4c 0b c8 0f b6 47 0e 0b c8
0x00007ff9184713ec:   49 c1 e1 20 0f b6 47 0d c1 e1 08 0b c1 c1 e0 08
0x00007ff9184713fc:   48 98 4c 0b c8 0f b6 47 0c 4c 0b c8 4c 89 4c 24
0x00007ff91847140c:   40 0f b6 47 16 0f b6 4f 17 c1 e1 08 0b c8 0f b6
0x00007ff91847141c:   47 15 c1 e1 08 0b c8 0f b6 47 14 c1 e1 08 0b c8
0x00007ff91847142c:   89 4c 24 48 0f b6 47 1a 0f b6 57 1b c1 e2 08 0b 


Stack slot to memory mapping:
stack at sp + 0 slots: 0x0000000000000100 is an unknown value
stack at sp + 1 slots: 0x0000009582afdf90 is pointing into the stack for thread: 0x00000248c2224ee0
stack at sp + 2 slots: 0x0 is NULL
stack at sp + 3 slots: 0x00007ff8ebffd970 jvm.dll
stack at sp + 4 slots: 0x0 is NULL
stack at sp + 5 slots: 0x00007ff8ebfa7eaa jvm.dll
stack at sp + 6 slots: 0x0000009582afde98 is pointing into the stack for thread: 0x00000248c2224ee0
stack at sp + 7 slots: 0x000000000000001f is an unknown value


---------------  P R O C E S S  ---------------

Threads class SMR info:
_java_thread_list=0x00000248dcf21990, length=10, elements={
0x00000248c2224ee0, 0x00000248dc50e370, 0x00000248dcd3b030, 0x00000248dcd24560,
0x00000248dcd25f30, 0x00000248dcd662b0, 0x00000248dcd66b70, 0x00000248dcd6c980,
0x00000248dc4971a0, 0x00000248dcf27910
}

Java Threads: ( => current thread )
=>0x00000248c2224ee0 JavaThread "main" [_thread_in_vm, id=12464, stack(0x0000009582a00000,0x0000009582b00000)]
  0x00000248dc50e370 JavaThread "Reference Handler" daemon [_thread_blocked, id=5436, stack(0x0000009583100000,0x0000009583200000)]
  0x00000248dcd3b030 JavaThread "Finalizer" daemon [_thread_blocked, id=12796, stack(0x0000009583200000,0x0000009583300000)]
  0x00000248dcd24560 JavaThread "Signal Dispatcher" daemon [_thread_blocked, id=5676, stack(0x0000009583300000,0x0000009583400000)]
  0x00000248dcd25f30 JavaThread "Attach Listener" daemon [_thread_blocked, id=12204, stack(0x0000009583400000,0x0000009583500000)]
  0x00000248dcd662b0 JavaThread "Service Thread" daemon [_thread_blocked, id=2980, stack(0x0000009583500000,0x0000009583600000)]
  0x00000248dcd66b70 JavaThread "C1 CompilerThread0" daemon [_thread_blocked, id=15128, stack(0x0000009583600000,0x0000009583700000)]
  0x00000248dcd6c980 JavaThread "Sweeper thread" daemon [_thread_blocked, id=13108, stack(0x0000009583700000,0x0000009583800000)]
  0x00000248dc4971a0 JavaThread "Common-Cleaner" daemon [_thread_blocked, id=476, stack(0x0000009583800000,0x0000009583900000)]
  0x00000248dcf27910 JavaThread "Notification Thread" daemon [_thread_blocked, id=13356, stack(0x0000009583900000,0x0000009583a00000)]

Other Threads:
  0x00000248dc4f8a50 VMThread "VM Thread" [stack: 0x0000009583000000,0x0000009583100000] [id=15516] _threads_hazard_ptr=0x00000248dcf21990
  0x00000248c22669b0 GCTaskThread "GC Thread#0" [stack: 0x0000009582b00000,0x0000009582c00000] [id=9148]
  0x00000248c2277e30 ConcurrentGCThread "G1 Main Marker" [stack: 0x0000009582c00000,0x0000009582d00000] [id=5568]
  0x00000248c2278930 ConcurrentGCThread "G1 Conc#0" [stack: 0x0000009582d00000,0x0000009582e00000] [id=13892]
  0x00000248c22e5e40 ConcurrentGCThread "G1 Refine#0" [stack: 0x0000009582e00000,0x0000009582f00000] [id=9968]
  0x00000248c22e6690 ConcurrentGCThread "G1 Young RemSet Sampling" [stack: 0x0000009582f00000,0x0000009583000000] [id=14020]

Threads with active compile tasks:

VM state: synchronizing (normal execution)

VM Mutex/Monitor currently owned by a thread:  ([mutex/lock_event])
[0x00000248c221ff90] Threads_lock - owner thread: 0x00000248dc4f8a50

Heap address: 0x0000000081c00000, size: 2020 MB, Compressed Oops mode: 32-bit
CDS disabled.
Compressed class space mapped at: 0x0000000100000000-0x0000000140000000, size: 1073741824
Narrow klass base: 0x0000000000000000, Narrow klass shift: 3, Narrow klass range: 0x140000000

GC Precious Log:
 CPUs: 8 total, 8 available
 Memory: 8074M
 Large Page Support: Disabled
 NUMA Support: Disabled
 Compressed Oops: Enabled (32-bit)
 Heap Region Size: 1M
 Heap Min Capacity: 8M
 Heap Initial Capacity: 128M
 Heap Max Capacity: 2020M
 Pre-touch: Disabled
 Parallel Workers: 8
 Concurrent Workers: 2
 Concurrent Refinement Workers: 8
 Periodic GC: Disabled

Heap:
 garbage-first heap   total 131072K, used 8192K [0x0000000081c00000, 0x0000000100000000)
  region size 1024K, 8 young (8192K), 0 survivors (0K)
 Metaspace       used 9021K, capacity 9115K, committed 9344K, reserved 1058816K
  class space    used 836K, capacity 866K, committed 896K, reserved 1048576K

Heap Regions: E=young(eden), S=young(survivor), O=old, HS=humongous(starts), HC=humongous(continues), CS=collection set, F=free, OA=open archive, CA=closed archive, TAMS=top-at-mark-start (previous, next)
|   0|0x0000000081c00000, 0x0000000081d00000, 0x0000000081d00000|100%|HS|  |TAMS 0x0000000081c00000, 0x0000000081c00000| Complete 
|   1|0x0000000081d00000, 0x0000000081d00000, 0x0000000081e00000|  0%| F|  |TAMS 0x0000000081d00000, 0x0000000081d00000| Untracked 
|   2|0x0000000081e00000, 0x0000000081e00000, 0x0000000081f00000|  0%| F|  |TAMS 0x0000000081e00000, 0x0000000081e00000| Untracked 
|   3|0x0000000081f00000, 0x0000000081f00000, 0x0000000082000000|  0%| F|  |TAMS 0x0000000081f00000, 0x0000000081f00000| Untracked 
|   4|0x0000000082000000, 0x0000000082000000, 0x0000000082100000|  0%| F|  |TAMS 0x0000000082000000, 0x0000000082000000| Untracked 
|   5|0x0000000082100000, 0x0000000082100000, 0x0000000082200000|  0%| F|  |TAMS 0x0000000082100000, 0x0000000082100000| Untracked 
|   6|0x0000000082200000, 0x0000000082200000, 0x0000000082300000|  0%| F|  |TAMS 0x0000000082200000, 0x0000000082200000| Untracked 
|   7|0x0000000082300000, 0x0000000082300000, 0x0000000082400000|  0%| F|  |TAMS 0x0000000082300000, 0x0000000082300000| Untracked 
|   8|0x0000000082400000, 0x0000000082400000, 0x0000000082500000|  0%| F|  |TAMS 0x0000000082400000, 0x0000000082400000| Untracked 
|   9|0x0000000082500000, 0x0000000082500000, 0x0000000082600000|  0%| F|  |TAMS 0x0000000082500000, 0x0000000082500000| Untracked 
|  10|0x0000000082600000, 0x0000000082600000, 0x0000000082700000|  0%| F|  |TAMS 0x0000000082600000, 0x0000000082600000| Untracked 
|  11|0x0000000082700000, 0x0000000082700000, 0x0000000082800000|  0%| F|  |TAMS 0x0000000082700000, 0x0000000082700000| Untracked 
|  12|0x0000000082800000, 0x0000000082800000, 0x0000000082900000|  0%| F|  |TAMS 0x0000000082800000, 0x0000000082800000| Untracked 
|  13|0x0000000082900000, 0x0000000082900000, 0x0000000082a00000|  0%| F|  |TAMS 0x0000000082900000, 0x0000000082900000| Untracked 
|  14|0x0000000082a00000, 0x0000000082a00000, 0x0000000082b00000|  0%| F|  |TAMS 0x0000000082a00000, 0x0000000082a00000| Untracked 
|  15|0x0000000082b00000, 0x0000000082b00000, 0x0000000082c00000|  0%| F|  |TAMS 0x0000000082b00000, 0x0000000082b00000| Untracked 
|  16|0x0000000082c00000, 0x0000000082c00000, 0x0000000082d00000|  0%| F|  |TAMS 0x0000000082c00000, 0x0000000082c00000| Untracked 
|  17|0x0000000082d00000, 0x0000000082d00000, 0x0000000082e00000|  0%| F|  |TAMS 0x0000000082d00000, 0x0000000082d00000| Untracked 
|  18|0x0000000082e00000, 0x0000000082e00000, 0x0000000082f00000|  0%| F|  |TAMS 0x0000000082e00000, 0x0000000082e00000| Untracked 
|  19|0x0000000082f00000, 0x0000000082f00000, 0x0000000083000000|  0%| F|  |TAMS 0x0000000082f00000, 0x0000000082f00000| Untracked 
|  20|0x0000000083000000, 0x0000000083000000, 0x0000000083100000|  0%| F|  |TAMS 0x0000000083000000, 0x0000000083000000| Untracked 
|  21|0x0000000083100000, 0x0000000083100000, 0x0000000083200000|  0%| F|  |TAMS 0x0000000083100000, 0x0000000083100000| Untracked 
|  22|0x0000000083200000, 0x0000000083200000, 0x0000000083300000|  0%| F|  |TAMS 0x0000000083200000, 0x0000000083200000| Untracked 
|  23|0x0000000083300000, 0x0000000083300000, 0x0000000083400000|  0%| F|  |TAMS 0x0000000083300000, 0x0000000083300000| Untracked 
|  24|0x0000000083400000, 0x0000000083400000, 0x0000000083500000|  0%| F|  |TAMS 0x0000000083400000, 0x0000000083400000| Untracked 
|  25|0x0000000083500000, 0x0000000083500000, 0x0000000083600000|  0%| F|  |TAMS 0x0000000083500000, 0x0000000083500000| Untracked 
|  26|0x0000000083600000, 0x0000000083600000, 0x0000000083700000|  0%| F|  |TAMS 0x0000000083600000, 0x0000000083600000| Untracked 
|  27|0x0000000083700000, 0x0000000083700000, 0x0000000083800000|  0%| F|  |TAMS 0x0000000083700000, 0x0000000083700000| Untracked 
|  28|0x0000000083800000, 0x0000000083800000, 0x0000000083900000|  0%| F|  |TAMS 0x0000000083800000, 0x0000000083800000| Untracked 
|  29|0x0000000083900000, 0x0000000083900000, 0x0000000083a00000|  0%| F|  |TAMS 0x0000000083900000, 0x0000000083900000| Untracked 
|  30|0x0000000083a00000, 0x0000000083a00000, 0x0000000083b00000|  0%| F|  |TAMS 0x0000000083a00000, 0x0000000083a00000| Untracked 
|  31|0x0000000083b00000, 0x0000000083b00000, 0x0000000083c00000|  0%| F|  |TAMS 0x0000000083b00000, 0x0000000083b00000| Untracked 
|  32|0x0000000083c00000, 0x0000000083c00000, 0x0000000083d00000|  0%| F|  |TAMS 0x0000000083c00000, 0x0000000083c00000| Untracked 
|  33|0x0000000083d00000, 0x0000000083d00000, 0x0000000083e00000|  0%| F|  |TAMS 0x0000000083d00000, 0x0000000083d00000| Untracked 
|  34|0x0000000083e00000, 0x0000000083e00000, 0x0000000083f00000|  0%| F|  |TAMS 0x0000000083e00000, 0x0000000083e00000| Untracked 
|  35|0x0000000083f00000, 0x0000000083f00000, 0x0000000084000000|  0%| F|  |TAMS 0x0000000083f00000, 0x0000000083f00000| Untracked 
|  36|0x0000000084000000, 0x0000000084000000, 0x0000000084100000|  0%| F|  |TAMS 0x0000000084000000, 0x0000000084000000| Untracked 
|  37|0x0000000084100000, 0x0000000084100000, 0x0000000084200000|  0%| F|  |TAMS 0x0000000084100000, 0x0000000084100000| Untracked 
|  38|0x0000000084200000, 0x0000000084200000, 0x0000000084300000|  0%| F|  |TAMS 0x0000000084200000, 0x0000000084200000| Untracked 
|  39|0x0000000084300000, 0x0000000084300000, 0x0000000084400000|  0%| F|  |TAMS 0x0000000084300000, 0x0000000084300000| Untracked 
|  40|0x0000000084400000, 0x0000000084400000, 0x0000000084500000|  0%| F|  |TAMS 0x0000000084400000, 0x0000000084400000| Untracked 
|  41|0x0000000084500000, 0x0000000084500000, 0x0000000084600000|  0%| F|  |TAMS 0x0000000084500000, 0x0000000084500000| Untracked 
|  42|0x0000000084600000, 0x0000000084600000, 0x0000000084700000|  0%| F|  |TAMS 0x0000000084600000, 0x0000000084600000| Untracked 
|  43|0x0000000084700000, 0x0000000084700000, 0x0000000084800000|  0%| F|  |TAMS 0x0000000084700000, 0x0000000084700000| Untracked 
|  44|0x0000000084800000, 0x0000000084800000, 0x0000000084900000|  0%| F|  |TAMS 0x0000000084800000, 0x0000000084800000| Untracked 
|  45|0x0000000084900000, 0x0000000084900000, 0x0000000084a00000|  0%| F|  |TAMS 0x0000000084900000, 0x0000000084900000| Untracked 
|  46|0x0000000084a00000, 0x0000000084a00000, 0x0000000084b00000|  0%| F|  |TAMS 0x0000000084a00000, 0x0000000084a00000| Untracked 
|  47|0x0000000084b00000, 0x0000000084b00000, 0x0000000084c00000|  0%| F|  |TAMS 0x0000000084b00000, 0x0000000084b00000| Untracked 
|  48|0x0000000084c00000, 0x0000000084c00000, 0x0000000084d00000|  0%| F|  |TAMS 0x0000000084c00000, 0x0000000084c00000| Untracked 
|  49|0x0000000084d00000, 0x0000000084d00000, 0x0000000084e00000|  0%| F|  |TAMS 0x0000000084d00000, 0x0000000084d00000| Untracked 
|  50|0x0000000084e00000, 0x0000000084e00000, 0x0000000084f00000|  0%| F|  |TAMS 0x0000000084e00000, 0x0000000084e00000| Untracked 
|  51|0x0000000084f00000, 0x0000000084f00000, 0x0000000085000000|  0%| F|  |TAMS 0x0000000084f00000, 0x0000000084f00000| Untracked 
|  52|0x0000000085000000, 0x0000000085000000, 0x0000000085100000|  0%| F|  |TAMS 0x0000000085000000, 0x0000000085000000| Untracked 
|  53|0x0000000085100000, 0x0000000085100000, 0x0000000085200000|  0%| F|  |TAMS 0x0000000085100000, 0x0000000085100000| Untracked 
|  54|0x0000000085200000, 0x0000000085200000, 0x0000000085300000|  0%| F|  |TAMS 0x0000000085200000, 0x0000000085200000| Untracked 
|  55|0x0000000085300000, 0x0000000085300000, 0x0000000085400000|  0%| F|  |TAMS 0x0000000085300000, 0x0000000085300000| Untracked 
|  56|0x0000000085400000, 0x0000000085400000, 0x0000000085500000|  0%| F|  |TAMS 0x0000000085400000, 0x0000000085400000| Untracked 
|  57|0x0000000085500000, 0x0000000085500000, 0x0000000085600000|  0%| F|  |TAMS 0x0000000085500000, 0x0000000085500000| Untracked 
|  58|0x0000000085600000, 0x0000000085600000, 0x0000000085700000|  0%| F|  |TAMS 0x0000000085600000, 0x0000000085600000| Untracked 
|  59|0x0000000085700000, 0x0000000085700000, 0x0000000085800000|  0%| F|  |TAMS 0x0000000085700000, 0x0000000085700000| Untracked 
|  60|0x0000000085800000, 0x0000000085800000, 0x0000000085900000|  0%| F|  |TAMS 0x0000000085800000, 0x0000000085800000| Untracked 
|  61|0x0000000085900000, 0x0000000085900000, 0x0000000085a00000|  0%| F|  |TAMS 0x0000000085900000, 0x0000000085900000| Untracked 
|  62|0x0000000085a00000, 0x0000000085a00000, 0x0000000085b00000|  0%| F|  |TAMS 0x0000000085a00000, 0x0000000085a00000| Untracked 
|  63|0x0000000085b00000, 0x0000000085b00000, 0x0000000085c00000|  0%| F|  |TAMS 0x0000000085b00000, 0x0000000085b00000| Untracked 
|  64|0x0000000085c00000, 0x0000000085c00000, 0x0000000085d00000|  0%| F|  |TAMS 0x0000000085c00000, 0x0000000085c00000| Untracked 
|  65|0x0000000085d00000, 0x0000000085d00000, 0x0000000085e00000|  0%| F|  |TAMS 0x0000000085d00000, 0x0000000085d00000| Untracked 
|  66|0x0000000085e00000, 0x0000000085e00000, 0x0000000085f00000|  0%| F|  |TAMS 0x0000000085e00000, 0x0000000085e00000| Untracked 
|  67|0x0000000085f00000, 0x0000000085f00000, 0x0000000086000000|  0%| F|  |TAMS 0x0000000085f00000, 0x0000000085f00000| Untracked 
|  68|0x0000000086000000, 0x0000000086000000, 0x0000000086100000|  0%| F|  |TAMS 0x0000000086000000, 0x0000000086000000| Untracked 
|  69|0x0000000086100000, 0x0000000086100000, 0x0000000086200000|  0%| F|  |TAMS 0x0000000086100000, 0x0000000086100000| Untracked 
|  70|0x0000000086200000, 0x0000000086200000, 0x0000000086300000|  0%| F|  |TAMS 0x0000000086200000, 0x0000000086200000| Untracked 
|  71|0x0000000086300000, 0x0000000086300000, 0x0000000086400000|  0%| F|  |TAMS 0x0000000086300000, 0x0000000086300000| Untracked 
|  72|0x0000000086400000, 0x0000000086400000, 0x0000000086500000|  0%| F|  |TAMS 0x0000000086400000, 0x0000000086400000| Untracked 
|  73|0x0000000086500000, 0x0000000086500000, 0x0000000086600000|  0%| F|  |TAMS 0x0000000086500000, 0x0000000086500000| Untracked 
|  74|0x0000000086600000, 0x0000000086600000, 0x0000000086700000|  0%| F|  |TAMS 0x0000000086600000, 0x0000000086600000| Untracked 
|  75|0x0000000086700000, 0x0000000086700000, 0x0000000086800000|  0%| F|  |TAMS 0x0000000086700000, 0x0000000086700000| Untracked 
|  76|0x0000000086800000, 0x0000000086800000, 0x0000000086900000|  0%| F|  |TAMS 0x0000000086800000, 0x0000000086800000| Untracked 
|  77|0x0000000086900000, 0x0000000086900000, 0x0000000086a00000|  0%| F|  |TAMS 0x0000000086900000, 0x0000000086900000| Untracked 
|  78|0x0000000086a00000, 0x0000000086a00000, 0x0000000086b00000|  0%| F|  |TAMS 0x0000000086a00000, 0x0000000086a00000| Untracked 
|  79|0x0000000086b00000, 0x0000000086b00000, 0x0000000086c00000|  0%| F|  |TAMS 0x0000000086b00000, 0x0000000086b00000| Untracked 
|  80|0x0000000086c00000, 0x0000000086c00000, 0x0000000086d00000|  0%| F|  |TAMS 0x0000000086c00000, 0x0000000086c00000| Untracked 
|  81|0x0000000086d00000, 0x0000000086d00000, 0x0000000086e00000|  0%| F|  |TAMS 0x0000000086d00000, 0x0000000086d00000| Untracked 
|  82|0x0000000086e00000, 0x0000000086e00000, 0x0000000086f00000|  0%| F|  |TAMS 0x0000000086e00000, 0x0000000086e00000| Untracked 
|  83|0x0000000086f00000, 0x0000000086f00000, 0x0000000087000000|  0%| F|  |TAMS 0x0000000086f00000, 0x0000000086f00000| Untracked 
|  84|0x0000000087000000, 0x0000000087000000, 0x0000000087100000|  0%| F|  |TAMS 0x0000000087000000, 0x0000000087000000| Untracked 
|  85|0x0000000087100000, 0x0000000087100000, 0x0000000087200000|  0%| F|  |TAMS 0x0000000087100000, 0x0000000087100000| Untracked 
|  86|0x0000000087200000, 0x0000000087200000, 0x0000000087300000|  0%| F|  |TAMS 0x0000000087200000, 0x0000000087200000| Untracked 
|  87|0x0000000087300000, 0x0000000087300000, 0x0000000087400000|  0%| F|  |TAMS 0x0000000087300000, 0x0000000087300000| Untracked 
|  88|0x0000000087400000, 0x0000000087400000, 0x0000000087500000|  0%| F|  |TAMS 0x0000000087400000, 0x0000000087400000| Untracked 
|  89|0x0000000087500000, 0x0000000087500000, 0x0000000087600000|  0%| F|  |TAMS 0x0000000087500000, 0x0000000087500000| Untracked 
|  90|0x0000000087600000, 0x0000000087600000, 0x0000000087700000|  0%| F|  |TAMS 0x0000000087600000, 0x0000000087600000| Untracked 
|  91|0x0000000087700000, 0x0000000087700000, 0x0000000087800000|  0%| F|  |TAMS 0x0000000087700000, 0x0000000087700000| Untracked 
|  92|0x0000000087800000, 0x0000000087800000, 0x0000000087900000|  0%| F|  |TAMS 0x0000000087800000, 0x0000000087800000| Untracked 
|  93|0x0000000087900000, 0x0000000087900000, 0x0000000087a00000|  0%| F|  |TAMS 0x0000000087900000, 0x0000000087900000| Untracked 
|  94|0x0000000087a00000, 0x0000000087a00000, 0x0000000087b00000|  0%| F|  |TAMS 0x0000000087a00000, 0x0000000087a00000| Untracked 
|  95|0x0000000087b00000, 0x0000000087b00000, 0x0000000087c00000|  0%| F|  |TAMS 0x0000000087b00000, 0x0000000087b00000| Untracked 
|  96|0x0000000087c00000, 0x0000000087c00000, 0x0000000087d00000|  0%| F|  |TAMS 0x0000000087c00000, 0x0000000087c00000| Untracked 
|  97|0x0000000087d00000, 0x0000000087d00000, 0x0000000087e00000|  0%| F|  |TAMS 0x0000000087d00000, 0x0000000087d00000| Untracked 
|  98|0x0000000087e00000, 0x0000000087e00000, 0x0000000087f00000|  0%| F|  |TAMS 0x0000000087e00000, 0x0000000087e00000| Untracked 
|  99|0x0000000087f00000, 0x0000000087f00000, 0x0000000088000000|  0%| F|  |TAMS 0x0000000087f00000, 0x0000000087f00000| Untracked 
| 100|0x0000000088000000, 0x0000000088000000, 0x0000000088100000|  0%| F|  |TAMS 0x0000000088000000, 0x0000000088000000| Untracked 
| 101|0x0000000088100000, 0x0000000088100000, 0x0000000088200000|  0%| F|  |TAMS 0x0000000088100000, 0x0000000088100000| Untracked 
| 102|0x0000000088200000, 0x0000000088200000, 0x0000000088300000|  0%| F|  |TAMS 0x0000000088200000, 0x0000000088200000| Untracked 
| 103|0x0000000088300000, 0x0000000088300000, 0x0000000088400000|  0%| F|  |TAMS 0x0000000088300000, 0x0000000088300000| Untracked 
| 104|0x0000000088400000, 0x0000000088400000, 0x0000000088500000|  0%| F|  |TAMS 0x0000000088400000, 0x0000000088400000| Untracked 
| 105|0x0000000088500000, 0x0000000088500000, 0x0000000088600000|  0%| F|  |TAMS 0x0000000088500000, 0x0000000088500000| Untracked 
| 106|0x0000000088600000, 0x0000000088600000, 0x0000000088700000|  0%| F|  |TAMS 0x0000000088600000, 0x0000000088600000| Untracked 
| 107|0x0000000088700000, 0x0000000088700000, 0x0000000088800000|  0%| F|  |TAMS 0x0000000088700000, 0x0000000088700000| Untracked 
| 108|0x0000000088800000, 0x0000000088800000, 0x0000000088900000|  0%| F|  |TAMS 0x0000000088800000, 0x0000000088800000| Untracked 
| 109|0x0000000088900000, 0x0000000088900000, 0x0000000088a00000|  0%| F|  |TAMS 0x0000000088900000, 0x0000000088900000| Untracked 
| 110|0x0000000088a00000, 0x0000000088a00000, 0x0000000088b00000|  0%| F|  |TAMS 0x0000000088a00000, 0x0000000088a00000| Untracked 
| 111|0x0000000088b00000, 0x0000000088b00000, 0x0000000088c00000|  0%| F|  |TAMS 0x0000000088b00000, 0x0000000088b00000| Untracked 
| 112|0x0000000088c00000, 0x0000000088c00000, 0x0000000088d00000|  0%| F|  |TAMS 0x0000000088c00000, 0x0000000088c00000| Untracked 
| 113|0x0000000088d00000, 0x0000000088d00000, 0x0000000088e00000|  0%| F|  |TAMS 0x0000000088d00000, 0x0000000088d00000| Untracked 
| 114|0x0000000088e00000, 0x0000000088e00000, 0x0000000088f00000|  0%| F|  |TAMS 0x0000000088e00000, 0x0000000088e00000| Untracked 
| 115|0x0000000088f00000, 0x0000000088f00000, 0x0000000089000000|  0%| F|  |TAMS 0x0000000088f00000, 0x0000000088f00000| Untracked 
| 116|0x0000000089000000, 0x0000000089000000, 0x0000000089100000|  0%| F|  |TAMS 0x0000000089000000, 0x0000000089000000| Untracked 
| 117|0x0000000089100000, 0x0000000089100000, 0x0000000089200000|  0%| F|  |TAMS 0x0000000089100000, 0x0000000089100000| Untracked 
| 118|0x0000000089200000, 0x0000000089200000, 0x0000000089300000|  0%| F|  |TAMS 0x0000000089200000, 0x0000000089200000| Untracked 
| 119|0x0000000089300000, 0x0000000089300000, 0x0000000089400000|  0%| F|  |TAMS 0x0000000089300000, 0x0000000089300000| Untracked 
| 120|0x0000000089400000, 0x0000000089476440, 0x0000000089500000| 46%| E|  |TAMS 0x0000000089400000, 0x0000000089400000| Complete 
| 121|0x0000000089500000, 0x0000000089600000, 0x0000000089600000|100%| E|CS|TAMS 0x0000000089500000, 0x0000000089500000| Complete 
| 122|0x0000000089600000, 0x0000000089700000, 0x0000000089700000|100%| E|CS|TAMS 0x0000000089600000, 0x0000000089600000| Complete 
| 123|0x0000000089700000, 0x0000000089800000, 0x0000000089800000|100%| E|CS|TAMS 0x0000000089700000, 0x0000000089700000| Complete 
| 124|0x0000000089800000, 0x0000000089900000, 0x0000000089900000|100%| E|CS|TAMS 0x0000000089800000, 0x0000000089800000| Complete 
| 125|0x0000000089900000, 0x0000000089a00000, 0x0000000089a00000|100%| E|CS|TAMS 0x0000000089900000, 0x0000000089900000| Complete 
| 126|0x0000000089a00000, 0x0000000089b00000, 0x0000000089b00000|100%| E|CS|TAMS 0x0000000089a00000, 0x0000000089a00000| Complete 
| 127|0x0000000089b00000, 0x0000000089c00000, 0x0000000089c00000|100%| E|CS|TAMS 0x0000000089b00000, 0x0000000089b00000| Complete 

Card table byte_map: [0x00000248d5370000,0x00000248d5770000] _byte_map_base: 0x00000248d4f62000

Marking Bits (Prev, Next): (CMBitMap*) 0x00000248c22670b0, (CMBitMap*) 0x00000248c22670f0
 Prev Bits: [0x00000248d5b70000, 0x00000248d7b00000)
 Next Bits: [0x00000248d7b00000, 0x00000248d9a90000)

Polling page: 0x00000248c00a0000

Metaspace:

Usage:
  Non-class:      8.06 MB capacity,     7.99 MB (>99%) used,    56.69 KB ( <1%) free+waste,     7.25 KB ( <1%) overhead. 
      Class:    866.00 KB capacity,   836.23 KB ( 97%) used,    27.02 KB (  3%) free+waste,     2.75 KB ( <1%) overhead. 
       Both:      8.90 MB capacity,     8.81 MB ( 99%) used,    83.71 KB ( <1%) free+waste,    10.00 KB ( <1%) overhead. 

Virtual space:
  Non-class space:       10.00 MB reserved,       8.25 MB ( 82%) committed 
      Class space:        1.00 GB reserved,     896.00 KB ( <1%) committed 
             Both:        1.01 GB reserved,       9.12 MB ( <1%) committed 

Chunk freelists:
   Non-Class:  7.00 KB
       Class:  30.00 KB
        Both:  37.00 KB

MaxMetaspaceSize: 17179869184.00 GB
CompressedClassSpaceSize: 1.00 GB

CodeHeap 'non-profiled nmethods': size=238336Kb used=632Kb max_used=632Kb free=237703Kb
 bounds [0x00000248c6370000, 0x00000248c65e0000, 0x00000248d4c30000]
CodeHeap 'non-nmethods': size=7424Kb used=1118Kb max_used=1118Kb free=6305Kb
 bounds [0x00000248c5c30000, 0x00000248c5ea0000, 0x00000248c6370000]
 total_blobs=893 nmethods=529 adapters=292
 compilation: enabled
              stopped_count=0, restarted_count=0
 full_count=0

Compilation events (20 events):
Event: 0.385 Thread 0x00000248dcd66b70  523       1       java.lang.StringBuilder::<init> (6 bytes)
Event: 0.385 Thread 0x00000248dcd66b70 nmethod 523 0x00000248c640ab10 code [0x00000248c640aca0, 0x00000248c640ad68]
Event: 0.385 Thread 0x00000248dcd66b70  522       1       java.util.concurrent.ConcurrentHashMap$BaseIterator::hasNext (13 bytes)
Event: 0.385 Thread 0x00000248dcd66b70 nmethod 522 0x00000248c640ae10 code [0x00000248c640afa0, 0x00000248c640b078]
Event: 0.385 Thread 0x00000248dcd66b70  520       1       java.util.concurrent.ConcurrentHashMap$MapEntry::getKey (5 bytes)
Event: 0.385 Thread 0x00000248dcd66b70 nmethod 520 0x00000248c640b110 code [0x00000248c640b2a0, 0x00000248c640b358]
Event: 0.385 Thread 0x00000248dcd66b70  521       1       java.util.concurrent.ConcurrentHashMap$MapEntry::getValue (5 bytes)
Event: 0.385 Thread 0x00000248dcd66b70 nmethod 521 0x00000248c640b410 code [0x00000248c640b5a0, 0x00000248c640b658]
Event: 0.386 Thread 0x00000248dcd66b70  524       1       java.util.Properties::saveConvert (434 bytes)
Event: 0.387 Thread 0x00000248dcd66b70 nmethod 524 0x00000248c640b710 code [0x00000248c640ba20, 0x00000248c640c428]
Event: 0.387 Thread 0x00000248dcd66b70  525       1       java.util.concurrent.ConcurrentHashMap$EntryIterator::next (5 bytes)
Event: 0.387 Thread 0x00000248dcd66b70 nmethod 525 0x00000248c640cb10 code [0x00000248c640cca0, 0x00000248c640cd68]
Event: 0.387 Thread 0x00000248dcd66b70  526       1       java.util.concurrent.ConcurrentHashMap$EntryIterator::next (51 bytes)
Event: 0.387 Thread 0x00000248dcd66b70 nmethod 526 0x00000248c640ce10 code [0x00000248c640cfe0, 0x00000248c640d318]
Event: 0.387 Thread 0x00000248dcd66b70  527       1       java.util.concurrent.ConcurrentHashMap$MapEntry::<init> (20 bytes)
Event: 0.387 Thread 0x00000248dcd66b70 nmethod 527 0x00000248c640d410 code [0x00000248c640d5a0, 0x00000248c640d778]
Event: 0.387 Thread 0x00000248dcd66b70  528       1       java.lang.String::getChars (54 bytes)
Event: 0.388 Thread 0x00000248dcd66b70 nmethod 528 0x00000248c640d810 code [0x00000248c640d9e0, 0x00000248c640dbd8]
Event: 0.388 Thread 0x00000248dcd66b70  529       1       java.lang.StringLatin1::getChars (12 bytes)
Event: 0.388 Thread 0x00000248dcd66b70 nmethod 529 0x00000248c640dd10 code [0x00000248c640dea0, 0x00000248c640dfd8]

GC Heap History (0 events):
No events

Deoptimization events (0 events):
No events

Classes unloaded (0 events):
No events

Classes redefined (0 events):
No events

Internal exceptions (8 events):
Event: 0.168 Thread 0x00000248c2224ee0 Exception <a 'java/lang/NoSuchMethodError'{0x0000000089a68208}: 'void java.lang.invoke.DirectMethodHandle$Holder.invokeSpecial(java.lang.Object, java.lang.Object, java.lang.Object)'> (0x0000000089a68208) 
thrown [./open/src/hotspot/share/interpreter/linkResolver.cpp, line 782]
Event: 0.243 Thread 0x00000248c2224ee0 Exception <a 'java/lang/NoSuchMethodError'{0x0000000089628100}: 'java.lang.Object java.lang.invoke.DirectMethodHandle$Holder.invokeStatic(java.lang.Object)'> (0x0000000089628100) 
thrown [./open/src/hotspot/share/interpreter/linkResolver.cpp, line 782]
Event: 0.243 Thread 0x00000248c2224ee0 Exception <a 'java/lang/NoSuchMethodError'{0x000000008962b850}: 'java.lang.Object java.lang.invoke.DirectMethodHandle$Holder.invokeStaticInit(java.lang.Object)'> (0x000000008962b850) 
thrown [./open/src/hotspot/share/interpreter/linkResolver.cpp, line 782]
Event: 0.263 Thread 0x00000248c2224ee0 Exception <a 'java/lang/NoSuchMethodError'{0x000000008964f750}: 'java.lang.Object java.lang.invoke.DirectMethodHandle$Holder.invokeInterface(java.lang.Object, java.lang.Object)'> (0x000000008964f750) 
thrown [./open/src/hotspot/share/interpreter/linkResolver.cpp, line 782]
Event: 0.264 Thread 0x00000248c2224ee0 Exception <a 'java/lang/NoSuchMethodError'{0x0000000089657de0}: 'java.lang.Object java.lang.invoke.DirectMethodHandle$Holder.invokeStaticInit(java.lang.Object, java.lang.Object, java.lang.Object)'> (0x0000000089657de0) 
thrown [./open/src/hotspot/share/interpreter/linkResolver.cpp, line 782]
Event: 0.267 Thread 0x00000248c2224ee0 Exception <a 'java/lang/NoSuchMethodError'{0x0000000089676648}: 'int java.lang.invoke.DirectMethodHandle$Holder.invokeInterface(java.lang.Object, java.lang.Object)'> (0x0000000089676648) 
thrown [./open/src/hotspot/share/interpreter/linkResolver.cpp, line 782]
Event: 0.268 Thread 0x00000248c2224ee0 Exception <a 'java/lang/IncompatibleClassChangeError'{0x0000000089679e40}: Found class java.lang.Object, but interface was expected> (0x0000000089679e40) 
thrown [./open/src/hotspot/share/interpreter/linkResolver.cpp, line 848]
Event: 0.268 Thread 0x00000248c2224ee0 Exception <a 'java/lang/NoSuchMethodError'{0x00000000896800f8}: 'void java.lang.invoke.DirectMethodHandle$Holder.invokeStatic(java.lang.Object, java.lang.Object)'> (0x00000000896800f8) 
thrown [./open/src/hotspot/share/interpreter/linkResolver.cpp, line 782]

Events (20 events):
Event: 0.380 loading class sun/util/resources/TimeZoneNamesBundle done
Event: 0.380 loading class sun/util/resources/cldr/TimeZoneNames done
Event: 0.380 loading class java/util/ResourceBundle$ResourceBundleProviderHelper
Event: 0.381 loading class java/util/ResourceBundle$ResourceBundleProviderHelper done
Event: 0.381 loading class sun/util/resources/Bundles$BundleReference
Event: 0.381 loading class sun/util/resources/Bundles$CacheKeyReference
Event: 0.381 loading class sun/util/resources/Bundles$CacheKeyReference done
Event: 0.381 loading class sun/util/resources/Bundles$BundleReference done
Event: 0.381 loading class sun/util/resources/cldr/TimeZoneNames_en
Event: 0.382 loading class sun/util/resources/cldr/TimeZoneNames_en done
Event: 0.382 loading class sun/util/resources/cldr/TimeZoneNames_en_US
Event: 0.382 loading class sun/util/resources/cldr/TimeZoneNames_en_US done
Event: 0.382 loading class java/util/LinkedHashMap$LinkedKeySet
Event: 0.382 loading class java/util/LinkedHashMap$LinkedKeySet done
Event: 0.382 loading class sun/util/locale/provider/LocaleResources$ResourceReference
Event: 0.382 loading class sun/util/locale/provider/LocaleResources$ResourceReference done
Event: 0.383 loading class sun/util/resources/TimeZoneNames
Event: 0.383 loading class sun/util/resources/TimeZoneNames done
Event: 0.383 loading class sun/util/resources/TimeZoneNames_en
Event: 0.383 loading class sun/util/resources/TimeZoneNames_en done


Dynamic libraries:
0x00007ff78be20000 - 0x00007ff78be2d000 	C:\Software\contents\sts-4.9.0.RELEASE\plugins\org.eclipse.justj.openjdk.hotspot.jre.full.win32.x86_64_15.0.1.v20201027-0507\jre\bin\javaw.exe
0x00007ff91f990000 - 0x00007ff91fb86000 	C:\WINDOWS\SYSTEM32\ntdll.dll
0x00007ff91e2a0000 - 0x00007ff91e35d000 	C:\WINDOWS\System32\KERNEL32.DLL
0x00007ff91d180000 - 0x00007ff91d449000 	C:\WINDOWS\System32\KERNELBASE.dll
0x00007ff91d4e0000 - 0x00007ff91d5e0000 	C:\WINDOWS\System32\ucrtbase.dll
0x00007ff910b80000 - 0x00007ff910b99000 	C:\Software\contents\sts-4.9.0.RELEASE\plugins\org.eclipse.justj.openjdk.hotspot.jre.full.win32.x86_64_15.0.1.v20201027-0507\jre\bin\VCRUNTIME140.dll
0x00007ff8fc7d0000 - 0x00007ff8fc7e8000 	C:\Software\contents\sts-4.9.0.RELEASE\plugins\org.eclipse.justj.openjdk.hotspot.jre.full.win32.x86_64_15.0.1.v20201027-0507\jre\bin\jli.dll
0x00007ff91e360000 - 0x00007ff91e500000 	C:\WINDOWS\System32\USER32.dll
0x00007ff91d9c0000 - 0x00007ff91d9e2000 	C:\WINDOWS\System32\win32u.dll
0x00007ff912840000 - 0x00007ff912adb000 	C:\WINDOWS\WinSxS\amd64_microsoft.windows.common-controls_6595b64144ccf1df_6.0.19041.746_none_ca02b4b61b8320a4\COMCTL32.dll
0x00007ff91e1c0000 - 0x00007ff91e1ea000 	C:\WINDOWS\System32\GDI32.dll
0x00007ff91e7f0000 - 0x00007ff91e88e000 	C:\WINDOWS\System32\msvcrt.dll
0x00007ff91d6d0000 - 0x00007ff91d7db000 	C:\WINDOWS\System32\gdi32full.dll
0x00007ff91d5e0000 - 0x00007ff91d67d000 	C:\WINDOWS\System32\msvcp_win.dll
0x00007ff91e670000 - 0x00007ff91e6a0000 	C:\WINDOWS\System32\IMM32.DLL
0x00007ff913a60000 - 0x00007ff913a6c000 	C:\Software\contents\sts-4.9.0.RELEASE\plugins\org.eclipse.justj.openjdk.hotspot.jre.full.win32.x86_64_15.0.1.v20201027-0507\jre\bin\vcruntime140_1.dll
0x00007ff8f7470000 - 0x00007ff8f7501000 	C:\Software\contents\sts-4.9.0.RELEASE\plugins\org.eclipse.justj.openjdk.hotspot.jre.full.win32.x86_64_15.0.1.v20201027-0507\jre\bin\msvcp140.dll
0x00007ff8eb8b0000 - 0x00007ff8ec40e000 	C:\Software\contents\sts-4.9.0.RELEASE\plugins\org.eclipse.justj.openjdk.hotspot.jre.full.win32.x86_64_15.0.1.v20201027-0507\jre\bin\server\jvm.dll
0x00007ff91e5c0000 - 0x00007ff91e66c000 	C:\WINDOWS\System32\ADVAPI32.dll
0x00007ff91e500000 - 0x00007ff91e59c000 	C:\WINDOWS\System32\sechost.dll
0x00007ff91f820000 - 0x00007ff91f94b000 	C:\WINDOWS\System32\RPCRT4.dll
0x00007ff91e7e0000 - 0x00007ff91e7e8000 	C:\WINDOWS\System32\PSAPI.DLL
0x00007ff912310000 - 0x00007ff912337000 	C:\WINDOWS\SYSTEM32\WINMM.dll
0x00007ff919d80000 - 0x00007ff919d89000 	C:\WINDOWS\SYSTEM32\WSOCK32.dll
0x00007ff917a90000 - 0x00007ff917a9a000 	C:\WINDOWS\SYSTEM32\VERSION.dll
0x00007ff91e6a0000 - 0x00007ff91e70b000 	C:\WINDOWS\System32\WS2_32.dll
0x00007ff91bcb0000 - 0x00007ff91bcc2000 	C:\WINDOWS\SYSTEM32\kernel.appcore.dll
0x00007ff918470000 - 0x00007ff91847a000 	C:\Software\contents\sts-4.9.0.RELEASE\plugins\org.eclipse.justj.openjdk.hotspot.jre.full.win32.x86_64_15.0.1.v20201027-0507\jre\bin\jimage.dll
0x00007ff91b6b0000 - 0x00007ff91b894000 	C:\WINDOWS\SYSTEM32\DBGHELP.DLL
0x00007ff906600000 - 0x00007ff90662c000 	C:\WINDOWS\SYSTEM32\dbgcore.DLL
0x00007ff91d7e0000 - 0x00007ff91d860000 	C:\WINDOWS\System32\bcryptPrimitives.dll
0x00007ff914270000 - 0x00007ff914295000 	C:\Software\contents\sts-4.9.0.RELEASE\plugins\org.eclipse.justj.openjdk.hotspot.jre.full.win32.x86_64_15.0.1.v20201027-0507\jre\bin\java.dll
0x00007ff915bc0000 - 0x00007ff915bd8000 	C:\Software\contents\sts-4.9.0.RELEASE\plugins\org.eclipse.justj.openjdk.hotspot.jre.full.win32.x86_64_15.0.1.v20201027-0507\jre\bin\zip.dll
0x00007ff91f0d0000 - 0x00007ff91f812000 	C:\WINDOWS\System32\SHELL32.dll
0x00007ff91ae60000 - 0x00007ff91b5f0000 	C:\WINDOWS\SYSTEM32\windows.storage.dll
0x00007ff91ea10000 - 0x00007ff91ed66000 	C:\WINDOWS\System32\combase.dll
0x00007ff91ca60000 - 0x00007ff91ca8c000 	C:\WINDOWS\SYSTEM32\Wldp.dll
0x00007ff91e1f0000 - 0x00007ff91e29e000 	C:\WINDOWS\System32\SHCORE.dll
0x00007ff91e780000 - 0x00007ff91e7d5000 	C:\WINDOWS\System32\shlwapi.dll
0x00007ff91d000000 - 0x00007ff91d026000 	C:\WINDOWS\SYSTEM32\profapi.dll
0x00007ff915b90000 - 0x00007ff915ba9000 	C:\Software\contents\sts-4.9.0.RELEASE\plugins\org.eclipse.justj.openjdk.hotspot.jre.full.win32.x86_64_15.0.1.v20201027-0507\jre\bin\net.dll
0x00007ff914cd0000 - 0x00007ff914dd0000 	C:\WINDOWS\SYSTEM32\WINHTTP.dll
0x00007ff91c7e0000 - 0x00007ff91c84a000 	C:\WINDOWS\system32\mswsock.dll
0x00007ff915b60000 - 0x00007ff915b72000 	C:\Software\contents\sts-4.9.0.RELEASE\plugins\org.eclipse.justj.openjdk.hotspot.jre.full.win32.x86_64_15.0.1.v20201027-0507\jre\bin\nio.dll
0x00007ff9120f0000 - 0x00007ff9120f9000 	C:\Software\contents\sts-4.9.0.RELEASE\plugins\org.eclipse.justj.openjdk.hotspot.jre.full.win32.x86_64_15.0.1.v20201027-0507\jre\bin\management.dll
0x00007ff911040000 - 0x00007ff91104b000 	C:\Software\contents\sts-4.9.0.RELEASE\plugins\org.eclipse.justj.openjdk.hotspot.jre.full.win32.x86_64_15.0.1.v20201027-0507\jre\bin\management_ext.dll

dbghelp: loaded successfully - version: 4.0.5 - missing functions: none
symbol engine: initialized successfully - sym options: 0x614 - pdb path: .;C:\Software\contents\sts-4.9.0.RELEASE\plugins\org.eclipse.justj.openjdk.hotspot.jre.full.win32.x86_64_15.0.1.v20201027-0507\jre\bin;C:\WINDOWS\SYSTEM32;C:\WINDOWS\WinSxS\amd64_microsoft.windows.common-controls_6595b64144ccf1df_6.0.19041.746_none_ca02b4b61b8320a4;C:\Software\contents\sts-4.9.0.RELEASE\plugins\org.eclipse.justj.openjdk.hotspot.jre.full.win32.x86_64_15.0.1.v20201027-0507\jre\bin\server

VM Arguments:
jvm_args: -Dcom.sun.management.jmxremote -Dcom.sun.management.jmxremote.port=55462 -Dcom.sun.management.jmxremote.authenticate=false -Dcom.sun.management.jmxremote.ssl=false -Djava.rmi.server.hostname=localhost -Dspring.jmx.enabled=true -Dspring.application.admin.enabled=true -XX:TieredStopAtLevel=1 -Dspring.boot.project.name=MusicApplication -Dfile.encoding=UTF-8 -XX:+ShowCodeDetailsInExceptionMessages 
java_command: com.mindtree.music.MusicApplication --spring.output.ansi.enabled=always
java_class_path (initial): C:\Users\shikha\Documents\codingChallenge\MusicApplication\target\classes;C:\Users\shikha\.m2\repository\org\springframework\boot\spring-boot-starter-data-jpa\2.4.3\spring-boot-starter-data-jpa-2.4.3.jar;C:\Users\shikha\.m2\repository\org\springframework\boot\spring-boot-starter-aop\2.4.3\spring-boot-starter-aop-2.4.3.jar;C:\Users\shikha\.m2\repository\org\springframework\spring-aop\5.3.4\spring-aop-5.3.4.jar;C:\Users\shikha\.m2\repository\org\aspectj\aspectjweaver\1.9.6\aspectjweaver-1.9.6.jar;C:\Users\shikha\.m2\repository\org\springframework\boot\spring-boot-starter-jdbc\2.4.3\spring-boot-starter-jdbc-2.4.3.jar;C:\Users\shikha\.m2\repository\com\zaxxer\HikariCP\3.4.5\HikariCP-3.4.5.jar;C:\Users\shikha\.m2\repository\org\springframework\spring-jdbc\5.3.4\spring-jdbc-5.3.4.jar;C:\Users\shikha\.m2\repository\jakarta\transaction\jakarta.transaction-api\1.3.3\jakarta.transaction-api-1.3.3.jar;C:\Users\shikha\.m2\repository\jakarta\persistence\jakarta.persistence-api\2.2.3\jakarta.persistence-api-2.2.3.jar;C:\Users\shikha\.m2\repository\org\hibernate\hibernate-core\5.4.28.Final\hibernate-core-5.4.28.Final.jar;C:\Users\shikha\.m2\repository\org\jboss\logging\jboss-logging\3.4.1.Final\jboss-logging-3.4.1.Final.jar;C:\Users\shikha\.m2\repository\org\javassist\javassist\3.27.0-GA\javassist-3.27.0-GA.jar;C:\Users\shikha\.m2\repository\net\bytebuddy\byte-buddy\1.10.20\byte-buddy-1.10.20.jar;C:\Users\shikha\.m2\repository\antlr\antlr\2.7.7\antlr-2.7.7.jar;C:\Users\shikha\.m2\repository\org\jboss\jandex\2.2.3.Final\jandex-2.2.3.Final.jar;C:\Users\shikha\.m2\repository\com\fasterxml\classmate\1.5.1\classmate-1.5.1.jar;C:\Users\shikha\.m2\repository\org\dom4j\dom4j\2.1.3\dom4j-2.1.3.jar;C:\Users\shikha\.m2\repository\org\hibernate\common\hibernate-commons-annotations\5.1.2.Final\hibernate-commons-annotations-5.1.2.Final.jar;C:\Users\shikha\.m2\repository\org\glassfish\jaxb\jaxb-runtime\2.3.3\jaxb-runtime-2.3.3.jar;C:\Users\shikha\.m2\repository\org\g
Launcher Type: SUN_STANDARD

[Global flags]
     intx CICompilerCount                          = 4                                         {product} {ergonomic}
     uint ConcGCThreads                            = 2                                         {product} {ergonomic}
     uint G1ConcRefinementThreads                  = 8                                         {product} {ergonomic}
   size_t G1HeapRegionSize                         = 1048576                                   {product} {ergonomic}
    uintx GCDrainStackTargetSize                   = 64                                        {product} {ergonomic}
   size_t InitialHeapSize                          = 134217728                                 {product} {ergonomic}
     bool ManagementServer                         = true                                      {product} {command line}
   size_t MarkStackSize                            = 4194304                                   {product} {ergonomic}
   size_t MaxHeapSize                              = 2118123520                                {product} {ergonomic}
   size_t MaxNewSize                               = 1270874112                                {product} {ergonomic}
   size_t MinHeapDeltaBytes                        = 1048576                                   {product} {ergonomic}
   size_t MinHeapSize                              = 8388608                                   {product} {ergonomic}
    uintx NonNMethodCodeHeapSize                   = 7549744                                {pd product} {ergonomic}
    uintx NonProfiledCodeHeapSize                  = 244108496                              {pd product} {ergonomic}
    uintx ProfiledCodeHeapSize                     = 0                                      {pd product} {ergonomic}
    uintx ReservedCodeCacheSize                    = 251658240                              {pd product} {ergonomic}
     bool SegmentedCodeCache                       = true                                      {product} {ergonomic}
     bool ShowCodeDetailsInExceptionMessages       = true                                   {manageable} {command line}
   size_t SoftMaxHeapSize                          = 2118123520                             {manageable} {ergonomic}
     intx TieredStopAtLevel                        = 1                                         {product} {command line}
     bool UseCompressedClassPointers               = true                                 {lp64_product} {ergonomic}
     bool UseCompressedOops                        = true                                 {lp64_product} {ergonomic}
     bool UseG1GC                                  = true                                      {product} {ergonomic}
     bool UseLargePagesIndividualAllocation        = false                                  {pd product} {ergonomic}

Logging:
Log output configuration:
 #0: stdout all=warning uptime,level,tags
 #1: stderr all=off uptime,level,tags

Environment Variables:
JAVA_HOME=C:\Program Files\Java\jdk1.8.0_251
PATH=C:/Software/contents/sts-4.9.0.RELEASE//plugins/org.eclipse.justj.openjdk.hotspot.jre.full.win32.x86_64_15.0.1.v20201027-0507/jre/bin/server;C:/Software/contents/sts-4.9.0.RELEASE//plugins/org.eclipse.justj.openjdk.hotspot.jre.full.win32.x86_64_15.0.1.v20201027-0507/jre/bin;C:\Program Files (x86)\Common Files\Oracle\Java\javapath;C:\Program Files\Java\jdk-12.0.1\bin;C:\WINDOWS\system32;C:\WINDOWS;C:\WINDOWS\System32\Wbem;C:\Program Files\Java\jdk1.8.0_251\bin;C:\WINDOWS\System32\OpenSSH\;C:\WINDOWS\System32\WindowsPowerShell\v1.0\;C:\Program Files\Git\cmd;C:\Program Files\apache-maven-3.6.3\bin;C:\Users\shikha\AppData\Local\Programs\Python\Python36-32\Scripts\;C:\Users\shikha\AppData\Local\Programs\Python\Python36-32\;C:\Users\shikha\AppData\Local\Microsoft\WindowsApps;;C:\Users\shikha\AppData\Local\Programs\Microsoft VS Code\bin;C:\Software\contents\sts-4.9.0.RELEASE;
USERNAME=shikha
OS=Windows_NT
PROCESSOR_IDENTIFIER=Intel64 Family 6 Model 142 Stepping 10, GenuineIntel



---------------  S Y S T E M  ---------------

OS:
 Windows 10 , 64 bit Build 19041 (10.0.19041.804)
OS uptime: 5 days 21:12 hours

CPU: total 8 (initial active 8) (4 cores per cpu, 2 threads per core) family 6 model 142 stepping 10 microcode 0xb4, cmov, cx8, fxsr, mmx, sse, sse2, sse3, ssse3, sse4.1, sse4.2, popcnt, vzeroupper, avx, avx2, aes, clmul, erms, 3dnowpref, lzcnt, ht, tsc, tscinvbit, bmi1, bmi2, adx, fma, clflush, clflushopt

Memory: 4k page, system-wide physical 8074M (1492M free)
TotalPageFile size 13654M (AvailPageFile size 4032M)
current process WorkingSet (physical memory assigned to process): 45M, peak: 45M
current process commit charge ("private bytes"): 210M, peak: 210M

vm_info: OpenJDK 64-Bit Server VM (15.0.1+9-18) for windows-amd64 JRE (15.0.1+9-18), built on Sep 15 2020 14:39:31 by "mach5one" with unknown MS VC++:1925

END.
